<?xml version="1.0" encoding="UTF-8"?>
<testng-results ignored="0" total="8" passed="7" failed="1" skipped="0">
  <reporter-output>
  </reporter-output>
  <suite started-at="2024-02-17T14:57:04 EET" name="Suite1" finished-at="2024-02-17T14:58:00 EET" duration-ms="55896">
    <groups>
    </groups>
    <test started-at="2024-02-17T14:57:04 EET" name="Nopackage" finished-at="2024-02-17T14:58:00 EET" duration-ms="55896">
      <class name="Login">
        <test-method is-config="true" signature="Setup()[pri:0, instance:Login@5e316c74]" started-at="2024-02-17T14:57:04 EET" name="Setup" finished-at="2024-02-17T14:57:09 EET" duration-ms="5541" status="PASS">
          <reporter-output>
          </reporter-output>
        </test-method> <!-- Setup -->
        <test-method signature="Registration_TC_1(java.lang.String,java.lang.String)[pri:0, instance:Login@5e316c74]" started-at="2024-02-17T14:57:09 EET" name="Registration_TC_1" data-provider="Data" finished-at="2024-02-17T14:57:10 EET" duration-ms="198" status="PASS">
          <params>
            <param index="0">
              <value>
                <![CDATA[standard_user]]>
              </value>
            </param>
            <param index="1">
              <value>
                <![CDATA[secret_sauce]]>
              </value>
            </param>
          </params>
          <reporter-output>
          </reporter-output>
        </test-method> <!-- Registration_TC_1 -->
        <test-method is-config="true" signature="Finish()[pri:0, instance:Login@5e316c74]" started-at="2024-02-17T14:57:10 EET" name="Finish" finished-at="2024-02-17T14:57:13 EET" duration-ms="3132" status="PASS">
          <reporter-output>
          </reporter-output>
        </test-method> <!-- Finish -->
        <test-method is-config="true" signature="Setup()[pri:0, instance:Login@5e316c74]" started-at="2024-02-17T14:57:13 EET" name="Setup" finished-at="2024-02-17T14:57:15 EET" duration-ms="2650" status="PASS">
          <reporter-output>
          </reporter-output>
        </test-method> <!-- Setup -->
        <test-method signature="Registration_TC_1(java.lang.String,java.lang.String)[pri:0, instance:Login@5e316c74]" started-at="2024-02-17T14:57:15 EET" name="Registration_TC_1" data-provider="Data" finished-at="2024-02-17T14:57:16 EET" duration-ms="165" status="FAIL">
          <params>
            <param index="0">
              <value>
                <![CDATA[locked_out_user]]>
              </value>
            </param>
            <param index="1">
              <value>
                <![CDATA[secret_sauce]]>
              </value>
            </param>
          </params>
          <exception class="org.openqa.selenium.NoSuchElementException">
            <message>
              <![CDATA[no such element: Unable to locate element: {"method":"css selector","selector":"#add\-to\-cart\-sauce\-labs\-backpack"}
  (Session info: chrome=121.0.6167.185)
For documentation on this error, please visit: https://www.selenium.dev/documentation/webdriver/troubleshooting/errors#no-such-element-exception
Build info: version: '4.17.0', revision: 'e52b1be057*'
System info: os.name: 'Windows 10', os.arch: 'amd64', os.version: '10.0', java.version: '21.0.1'
Driver info: org.openqa.selenium.chrome.ChromeDriver
Command: [f088dad76a3dea401a1395882cf06833, findElement {value=add-to-cart-sauce-labs-backpack, using=id}]
Capabilities {acceptInsecureCerts: false, browserName: chrome, browserVersion: 121.0.6167.185, chrome: {chromedriverVersion: 121.0.6167.184 (057a8ae7deb..., userDataDir: C:\Users\ASUS\AppData\Local...}, fedcm:accounts: true, goog:chromeOptions: {debuggerAddress: localhost:61095}, networkConnectionEnabled: false, pageLoadStrategy: normal, platformName: windows, proxy: Proxy(), se:cdp: ws://localhost:61095/devtoo..., se:cdpVersion: 121.0.6167.185, setWindowRect: true, strictFileInteractability: false, timeouts: {implicit: 0, pageLoad: 300000, script: 30000}, unhandledPromptBehavior: dismiss and notify, webauthn:extension:credBlob: true, webauthn:extension:largeBlob: true, webauthn:extension:minPinLength: true, webauthn:extension:prf: true, webauthn:virtualAuthenticators: true}
Session ID: f088dad76a3dea401a1395882cf06833]]>
            </message>
            <full-stacktrace>
              <![CDATA[org.openqa.selenium.NoSuchElementException: no such element: Unable to locate element: {"method":"css selector","selector":"#add\-to\-cart\-sauce\-labs\-backpack"}
  (Session info: chrome=121.0.6167.185)
For documentation on this error, please visit: https://www.selenium.dev/documentation/webdriver/troubleshooting/errors#no-such-element-exception
Build info: version: '4.17.0', revision: 'e52b1be057*'
System info: os.name: 'Windows 10', os.arch: 'amd64', os.version: '10.0', java.version: '21.0.1'
Driver info: org.openqa.selenium.chrome.ChromeDriver
Command: [f088dad76a3dea401a1395882cf06833, findElement {value=add-to-cart-sauce-labs-backpack, using=id}]
Capabilities {acceptInsecureCerts: false, browserName: chrome, browserVersion: 121.0.6167.185, chrome: {chromedriverVersion: 121.0.6167.184 (057a8ae7deb..., userDataDir: C:\Users\ASUS\AppData\Local...}, fedcm:accounts: true, goog:chromeOptions: {debuggerAddress: localhost:61095}, networkConnectionEnabled: false, pageLoadStrategy: normal, platformName: windows, proxy: Proxy(), se:cdp: ws://localhost:61095/devtoo..., se:cdpVersion: 121.0.6167.185, setWindowRect: true, strictFileInteractability: false, timeouts: {implicit: 0, pageLoad: 300000, script: 30000}, unhandledPromptBehavior: dismiss and notify, webauthn:extension:credBlob: true, webauthn:extension:largeBlob: true, webauthn:extension:minPinLength: true, webauthn:extension:prf: true, webauthn:virtualAuthenticators: true}
Session ID: f088dad76a3dea401a1395882cf06833
at java.base/jdk.internal.reflect.DirectConstructorHandleAccessor.newInstance(DirectConstructorHandleAccessor.java:62)
at java.base/java.lang.reflect.Constructor.newInstanceWithCaller(Constructor.java:502)
at java.base/java.lang.reflect.Constructor.newInstance(Constructor.java:486)
at org.openqa.selenium.remote.codec.w3c.W3CHttpResponseCodec.createException(W3CHttpResponseCodec.java:185)
at org.openqa.selenium.remote.codec.w3c.W3CHttpResponseCodec.decode(W3CHttpResponseCodec.java:134)
at org.openqa.selenium.remote.codec.w3c.W3CHttpResponseCodec.decode(W3CHttpResponseCodec.java:51)
at org.openqa.selenium.remote.HttpCommandExecutor.execute(HttpCommandExecutor.java:190)
at org.openqa.selenium.remote.service.DriverCommandExecutor.invokeExecute(DriverCommandExecutor.java:216)
at org.openqa.selenium.remote.service.DriverCommandExecutor.execute(DriverCommandExecutor.java:174)
at org.openqa.selenium.remote.RemoteWebDriver.execute(RemoteWebDriver.java:519)
at org.openqa.selenium.remote.ElementLocation$ElementFinder$2.findElement(ElementLocation.java:165)
at org.openqa.selenium.remote.ElementLocation.findElement(ElementLocation.java:59)
at org.openqa.selenium.remote.RemoteWebDriver.findElement(RemoteWebDriver.java:356)
at org.openqa.selenium.remote.RemoteWebDriver.findElement(RemoteWebDriver.java:350)
at Login.Registration_TC_1(Login.java:35)
at java.base/jdk.internal.reflect.DirectMethodHandleAccessor.invoke(DirectMethodHandleAccessor.java:103)
at java.base/java.lang.reflect.Method.invoke(Method.java:580)
at org.testng.internal.invokers.MethodInvocationHelper.invokeMethod(MethodInvocationHelper.java:135)
at org.testng.internal.invokers.TestInvoker.invokeMethod(TestInvoker.java:673)
at org.testng.internal.invokers.TestInvoker.invokeTestMethod(TestInvoker.java:220)
at org.testng.internal.invokers.MethodRunner.runInSequence(MethodRunner.java:50)
at org.testng.internal.invokers.TestInvoker$MethodInvocationAgent.invoke(TestInvoker.java:945)
at org.testng.internal.invokers.TestInvoker.invokeTestMethods(TestInvoker.java:193)
at org.testng.internal.invokers.TestMethodWorker.invokeTestMethods(TestMethodWorker.java:146)
at org.testng.internal.invokers.TestMethodWorker.run(TestMethodWorker.java:128)
at java.base/java.util.ArrayList.forEach(ArrayList.java:1596)
at org.testng.TestRunner.privateRun(TestRunner.java:808)
at org.testng.TestRunner.run(TestRunner.java:603)
at org.testng.SuiteRunner.runTest(SuiteRunner.java:429)
at org.testng.SuiteRunner.runSequentially(SuiteRunner.java:423)
at org.testng.SuiteRunner.privateRun(SuiteRunner.java:383)
at org.testng.SuiteRunner.run(SuiteRunner.java:326)
at org.testng.SuiteRunnerWorker.runSuite(SuiteRunnerWorker.java:52)
at org.testng.SuiteRunnerWorker.run(SuiteRunnerWorker.java:95)
at org.testng.TestNG.runSuitesSequentially(TestNG.java:1249)
at org.testng.TestNG.runSuitesLocally(TestNG.java:1169)
at org.testng.TestNG.runSuites(TestNG.java:1092)
at org.testng.TestNG.run(TestNG.java:1060)
at org.apache.maven.surefire.testng.TestNGExecutor.run(TestNGExecutor.java:308)
at org.apache.maven.surefire.testng.TestNGXmlTestSuite.execute(TestNGXmlTestSuite.java:71)
at org.apache.maven.surefire.testng.TestNGProvider.invoke(TestNGProvider.java:113)
at org.apache.maven.surefire.booter.ForkedBooter.runSuitesInProcess(ForkedBooter.java:385)
at org.apache.maven.surefire.booter.ForkedBooter.execute(ForkedBooter.java:162)
at org.apache.maven.surefire.booter.ForkedBooter.run(ForkedBooter.java:507)
at org.apache.maven.surefire.booter.ForkedBooter.main(ForkedBooter.java:495)
]]>
            </full-stacktrace>
          </exception> <!-- org.openqa.selenium.NoSuchElementException -->
          <reporter-output>
          </reporter-output>
        </test-method> <!-- Registration_TC_1 -->
        <test-method is-config="true" signature="Finish()[pri:0, instance:Login@5e316c74]" started-at="2024-02-17T14:57:16 EET" name="Finish" finished-at="2024-02-17T14:57:19 EET" duration-ms="3150" status="PASS">
          <reporter-output>
          </reporter-output>
        </test-method> <!-- Finish -->
        <test-method is-config="true" signature="Setup()[pri:0, instance:Login@5e316c74]" started-at="2024-02-17T14:57:19 EET" name="Setup" finished-at="2024-02-17T14:57:22 EET" duration-ms="2778" status="PASS">
          <reporter-output>
          </reporter-output>
        </test-method> <!-- Setup -->
        <test-method signature="Registration_TC_1(java.lang.String,java.lang.String)[pri:0, instance:Login@5e316c74]" started-at="2024-02-17T14:57:22 EET" name="Registration_TC_1" data-provider="Data" finished-at="2024-02-17T14:57:22 EET" duration-ms="196" status="PASS">
          <params>
            <param index="0">
              <value>
                <![CDATA[problem_user]]>
              </value>
            </param>
            <param index="1">
              <value>
                <![CDATA[secret_sauce]]>
              </value>
            </param>
          </params>
          <reporter-output>
          </reporter-output>
        </test-method> <!-- Registration_TC_1 -->
        <test-method is-config="true" signature="Finish()[pri:0, instance:Login@5e316c74]" started-at="2024-02-17T14:57:22 EET" name="Finish" finished-at="2024-02-17T14:57:25 EET" duration-ms="3101" status="PASS">
          <reporter-output>
          </reporter-output>
        </test-method> <!-- Finish -->
        <test-method is-config="true" signature="Setup()[pri:0, instance:Login@5e316c74]" started-at="2024-02-17T14:57:25 EET" name="Setup" finished-at="2024-02-17T14:57:27 EET" duration-ms="2512" status="PASS">
          <reporter-output>
          </reporter-output>
        </test-method> <!-- Setup -->
        <test-method signature="Registration_TC_1(java.lang.String,java.lang.String)[pri:0, instance:Login@5e316c74]" started-at="2024-02-17T14:57:27 EET" name="Registration_TC_1" data-provider="Data" finished-at="2024-02-17T14:57:33 EET" duration-ms="5212" status="PASS">
          <params>
            <param index="0">
              <value>
                <![CDATA[performance_glitch_user]]>
              </value>
            </param>
            <param index="1">
              <value>
                <![CDATA[secret_sauce]]>
              </value>
            </param>
          </params>
          <reporter-output>
          </reporter-output>
        </test-method> <!-- Registration_TC_1 -->
        <test-method is-config="true" signature="Finish()[pri:0, instance:Login@5e316c74]" started-at="2024-02-17T14:57:33 EET" name="Finish" finished-at="2024-02-17T14:57:36 EET" duration-ms="3097" status="PASS">
          <reporter-output>
          </reporter-output>
        </test-method> <!-- Finish -->
        <test-method is-config="true" signature="Setup()[pri:0, instance:Login@5e316c74]" started-at="2024-02-17T14:57:36 EET" name="Setup" finished-at="2024-02-17T14:57:38 EET" duration-ms="2353" status="PASS">
          <reporter-output>
          </reporter-output>
        </test-method> <!-- Setup -->
        <test-method signature="Registration_TC_1(java.lang.String,java.lang.String)[pri:0, instance:Login@5e316c74]" started-at="2024-02-17T14:57:38 EET" name="Registration_TC_1" data-provider="Data" finished-at="2024-02-17T14:57:38 EET" duration-ms="183" status="PASS">
          <params>
            <param index="0">
              <value>
                <![CDATA[error_user]]>
              </value>
            </param>
            <param index="1">
              <value>
                <![CDATA[secret_sauce]]>
              </value>
            </param>
          </params>
          <reporter-output>
          </reporter-output>
        </test-method> <!-- Registration_TC_1 -->
        <test-method is-config="true" signature="Finish()[pri:0, instance:Login@5e316c74]" started-at="2024-02-17T14:57:38 EET" name="Finish" finished-at="2024-02-17T14:57:41 EET" duration-ms="3101" status="PASS">
          <reporter-output>
          </reporter-output>
        </test-method> <!-- Finish -->
        <test-method is-config="true" signature="Setup()[pri:0, instance:Login@5e316c74]" started-at="2024-02-17T14:57:41 EET" name="Setup" finished-at="2024-02-17T14:57:45 EET" duration-ms="3322" status="PASS">
          <reporter-output>
          </reporter-output>
        </test-method> <!-- Setup -->
        <test-method signature="Registration_TC_1(java.lang.String,java.lang.String)[pri:0, instance:Login@5e316c74]" started-at="2024-02-17T14:57:45 EET" name="Registration_TC_1" data-provider="Data" finished-at="2024-02-17T14:57:45 EET" duration-ms="193" status="PASS">
          <params>
            <param index="0">
              <value>
                <![CDATA[visual_user]]>
              </value>
            </param>
            <param index="1">
              <value>
                <![CDATA[secret_sauce]]>
              </value>
            </param>
          </params>
          <reporter-output>
          </reporter-output>
        </test-method> <!-- Registration_TC_1 -->
        <test-method is-config="true" signature="Finish()[pri:0, instance:Login@5e316c74]" started-at="2024-02-17T14:57:45 EET" name="Finish" finished-at="2024-02-17T14:57:48 EET" duration-ms="3120" status="PASS">
          <reporter-output>
          </reporter-output>
        </test-method> <!-- Finish -->
        <test-method is-config="true" signature="Setup()[pri:0, instance:Login@5e316c74]" started-at="2024-02-17T14:57:48 EET" name="Setup" finished-at="2024-02-17T14:57:50 EET" duration-ms="2328" status="PASS">
          <reporter-output>
          </reporter-output>
        </test-method> <!-- Setup -->
        <test-method signature="Registration_TC_1(java.lang.String,java.lang.String)[pri:0, instance:Login@5e316c74]" started-at="2024-02-17T14:57:50 EET" name="Registration_TC_1" data-provider="Data" finished-at="2024-02-17T14:57:50 EET" duration-ms="158" status="PASS">
          <params>
            <param index="0">
              <value>
                <![CDATA[Ahmed]]>
              </value>
            </param>
            <param index="1">
              <value>
                <![CDATA[12345]]>
              </value>
            </param>
          </params>
          <reporter-output>
          </reporter-output>
        </test-method> <!-- Registration_TC_1 -->
        <test-method is-config="true" signature="Finish()[pri:0, instance:Login@5e316c74]" started-at="2024-02-17T14:57:50 EET" name="Finish" finished-at="2024-02-17T14:57:53 EET" duration-ms="3102" status="PASS">
          <reporter-output>
          </reporter-output>
        </test-method> <!-- Finish -->
        <test-method is-config="true" signature="Setup()[pri:0, instance:Login@5e316c74]" started-at="2024-02-17T14:57:53 EET" name="Setup" finished-at="2024-02-17T14:57:56 EET" duration-ms="3007" status="PASS">
          <reporter-output>
          </reporter-output>
        </test-method> <!-- Setup -->
        <test-method signature="Registration_TC_1(java.lang.String,java.lang.String)[pri:0, instance:Login@5e316c74]" started-at="2024-02-17T14:57:56 EET" name="Registration_TC_1" data-provider="Data" finished-at="2024-02-17T14:57:57 EET" duration-ms="136" status="PASS">
          <params>
            <param index="0">
              <value>
                <![CDATA[]]>
              </value>
            </param>
            <param index="1">
              <value>
                <![CDATA[]]>
              </value>
            </param>
          </params>
          <reporter-output>
          </reporter-output>
        </test-method> <!-- Registration_TC_1 -->
        <test-method is-config="true" signature="Finish()[pri:0, instance:Login@5e316c74]" started-at="2024-02-17T14:57:57 EET" name="Finish" finished-at="2024-02-17T14:58:00 EET" duration-ms="3126" status="PASS">
          <reporter-output>
          </reporter-output>
        </test-method> <!-- Finish -->
      </class> <!-- Login -->
    </test> <!-- Nopackage -->
  </suite> <!-- Suite1 -->
</testng-results>
